[debug] [2025-01-07T03:52:25.051Z] ----------------------------------------------------------------------
[debug] [2025-01-07T03:52:25.052Z] Command:       /Users/chase/.nvm/versions/node/v20.18.0/bin/node /Users/chase/dev/jam-dashboard/node_modules/.bin/firebase init
[debug] [2025-01-07T03:52:25.052Z] CLI Version:   13.29.1
[debug] [2025-01-07T03:52:25.053Z] Platform:      darwin
[debug] [2025-01-07T03:52:25.053Z] Node Version:  v20.18.0
[debug] [2025-01-07T03:52:25.053Z] Time:          Mon Jan 06 2025 19:52:25 GMT-0800 (Pacific Standard Time)
[debug] [2025-01-07T03:52:25.053Z] ----------------------------------------------------------------------
[debug] 
[debug] [2025-01-07T03:52:25.086Z] > command requires scopes: ["email","openid","https://www.googleapis.com/auth/cloudplatformprojects.readonly","https://www.googleapis.com/auth/firebase","https://www.googleapis.com/auth/cloud-platform"]
[debug] [2025-01-07T03:52:25.086Z] > authorizing via signed-in user (chaselmccarty@gmail.com)
[debug] [2025-01-07T03:52:25.087Z] Checked if tokens are valid: true, expires at: 1736225526700
[debug] [2025-01-07T03:52:25.087Z] Checked if tokens are valid: true, expires at: 1736225526700
[debug] [2025-01-07T03:52:25.087Z] >>> [apiv2][query] GET https://cloudresourcemanager.googleapis.com/v1/projects/647129742245 [none]
[debug] [2025-01-07T03:52:25.342Z] <<< [apiv2][status] GET https://cloudresourcemanager.googleapis.com/v1/projects/647129742245 200
[debug] [2025-01-07T03:52:25.342Z] <<< [apiv2][body] GET https://cloudresourcemanager.googleapis.com/v1/projects/647129742245 {"projectNumber":"647129742245","projectId":"jam-dashboard","lifecycleState":"ACTIVE","name":"jam-dashboard","labels":{"firebase":"enabled"},"createTime":"2023-04-01T05:13:25.864021Z"}
[debug] [2025-01-07T03:52:25.342Z] > command requires scopes: ["email","openid","https://www.googleapis.com/auth/cloudplatformprojects.readonly","https://www.googleapis.com/auth/firebase","https://www.googleapis.com/auth/cloud-platform"]
[debug] [2025-01-07T03:52:25.342Z] > authorizing via signed-in user (chaselmccarty@gmail.com)
[info] 
     ######## #### ########  ######## ########     ###     ######  ########
     ##        ##  ##     ## ##       ##     ##  ##   ##  ##       ##
     ######    ##  ########  ######   ########  #########  ######  ######
     ##        ##  ##    ##  ##       ##     ## ##     ##       ## ##
     ##       #### ##     ## ######## ########  ##     ##  ######  ########

You're about to initialize a Firebase project in this directory:

  /Users/chase/dev/jam-dashboard

Before we get started, keep in mind:

  * You are initializing within an existing Firebase project directory

[info] 
=== Project Setup
[info] 
[info] First, let's associate this project directory with a Firebase project.
[info] You can create multiple project aliases by running firebase use --add, 
[info] but for now we'll just set up a default project.
[info] 
[debug] [2025-01-07T03:52:34.142Z] Using project from CLI flag: 647129742245
[debug] [2025-01-07T03:52:34.142Z] Checked if tokens are valid: true, expires at: 1736225526700
[debug] [2025-01-07T03:52:34.142Z] Checked if tokens are valid: true, expires at: 1736225526700
[debug] [2025-01-07T03:52:34.143Z] >>> [apiv2][query] GET https://firebase.googleapis.com/v1beta1/projects/647129742245 [none]
[debug] [2025-01-07T03:52:34.506Z] <<< [apiv2][status] GET https://firebase.googleapis.com/v1beta1/projects/647129742245 200
[debug] [2025-01-07T03:52:34.506Z] <<< [apiv2][body] GET https://firebase.googleapis.com/v1beta1/projects/647129742245 {"projectId":"jam-dashboard","projectNumber":"647129742245","displayName":"jam-dashboard","name":"projects/jam-dashboard","resources":{"hostingSite":"jam-dashboard"},"state":"ACTIVE","etag":"1_6c079eaa-23eb-4286-9f78-6e8b31be0ca6"}
[info] i  Using project jam-dashboard (jam-dashboard) 
[info] 
=== Hosting Setup
[debug] [2025-01-07T03:52:34.526Z] Checked if tokens are valid: true, expires at: 1736225526700
[debug] [2025-01-07T03:52:34.526Z] Checked if tokens are valid: true, expires at: 1736225526700
[debug] [2025-01-07T03:52:34.526Z] >>> [apiv2][query] GET https://firebase.googleapis.com/v1beta1/projects/jam-dashboard [none]
[debug] [2025-01-07T03:52:34.693Z] <<< [apiv2][status] GET https://firebase.googleapis.com/v1beta1/projects/jam-dashboard 200
[debug] [2025-01-07T03:52:34.694Z] <<< [apiv2][body] GET https://firebase.googleapis.com/v1beta1/projects/jam-dashboard {"projectId":"jam-dashboard","projectNumber":"647129742245","displayName":"jam-dashboard","name":"projects/jam-dashboard","resources":{"hostingSite":"jam-dashboard"},"state":"ACTIVE","etag":"1_6c079eaa-23eb-4286-9f78-6e8b31be0ca6"}
[info] 
[info] Your public directory is the folder (relative to your project directory) that
[info] will contain Hosting assets to be uploaded with firebase deploy. If you
[info] have a build process for your assets, use your build's output directory.
[info] 
[debug] [2025-01-07T03:52:49.965Z] >>> [apiv2][query] GET https://www.gstatic.com/firebasejs/releases.json [none]
[debug] [2025-01-07T03:52:50.056Z] <<< [apiv2][status] GET https://www.gstatic.com/firebasejs/releases.json 200
[debug] [2025-01-07T03:52:50.056Z] <<< [apiv2][body] GET https://www.gstatic.com/firebasejs/releases.json {"current":{"version":"11.1.0","browserURL":"https://www.gstatic.com/firebasejs/11.1.0/firebase.js","packageURL":"https://www.gstatic.com/firebasejs/11.1.0/firebase.tgz"},"live":{"version":"11.1","browserURL":"https://www.gstatic.com/firebasejs/live/11.1/firebase.js","packageURL":"https://www.gstatic.com/firebasejs/live/11.1/firebase.tgz"},"components":{"analytics":"https://www.gstatic.com/firebasejs/11.1.0/firebase-analytics.js","app":"https://www.gstatic.com/firebasejs/11.1.0/firebase-app.js","app-check":"https://www.gstatic.com/firebasejs/11.1.0/firebase-app-check.js","auth":"https://www.gstatic.com/firebasejs/11.1.0/firebase-auth.js","auth/cordova":"https://www.gstatic.com/firebasejs/11.1.0/firebase-auth/cordova.js","auth/web-extension":"https://www.gstatic.com/firebasejs/11.1.0/firebase-auth/web-extension.js","functions":"https://www.gstatic.com/firebasejs/11.1.0/firebase-functions.js","firestore":"https://www.gstatic.com/firebasejs/11.1.0/firebase-firestore.js","firestore/lite":"https://www.gstatic.com/firebasejs/11.1.0/firebase-firestore/lite.js","installations":"https://www.gstatic.com/firebasejs/11.1.0/firebase-installations.js","storage":"https://www.gstatic.com/firebasejs/11.1.0/firebase-storage.js","performance":"https://www.gstatic.com/firebasejs/11.1.0/firebase-performance.js","remote-config":"https://www.gstatic.com/firebasejs/11.1.0/firebase-remote-config.js","messaging":"https://www.gstatic.com/firebasejs/11.1.0/firebase-messaging.js","messaging/sw":"https://www.gstatic.com/firebasejs/11.1.0/firebase-messaging/sw.js","database":"https://www.gstatic.com/firebasejs/11.1.0/firebase-database.js","vertexai":"https://www.gstatic.com/firebasejs/11.1.0/firebase-vertexai.js","data-connect":"https://www.gstatic.com/firebasejs/11.1.0/firebase-data-connect.js","firestore.memory":"https://www.gstatic.com/firebasejs/11.1.0/firebase-firestore.memory.js"}}
[info] ✔  Wrote public/index.html 
[info] 
[info] i  Detected a .git folder at /Users/chase/dev/jam-dashboard 
[info] i  Authorizing with GitHub to upload your service account to a GitHub repository's secrets store. 
[info] 
[info] Visit this URL on this device to log in:
[info] https://github.com/login/oauth/authorize?client_id=89cf50f02ac6aaed3484&state=747655534&redirect_uri=http%3A%2F%2Flocalhost%3A9005&scope=read%3Auser%20repo%20public_repo
[info] 
[info] Waiting for authentication...
